<?xml version="1.0" encoding="UTF-8"?>
<!-- Generated by org.testng.reporters.JUnitReportReporter -->
<testsuite skipped="0" hostname="TILLT000869" name="GmailPack.e2e" tests="2" failures="0" timestamp="17 Nov 2018 13:49:57 GMT" time="111.101" errors="0">
  <testcase name="testSendEmail" time="56.401" classname="GmailPack.e2e"/>
  <testcase name="verifyMailContents" time="54.700" classname="GmailPack.e2e"/>
</testsuite> <!-- GmailPack.e2e -->
