<?xml version="1.0" encoding="UTF-8"?>
<!-- Generated by org.testng.reporters.JUnitReportReporter -->
<testsuite skipped="0" hostname="TILLT000869" name="com.crossover.e2e.e2e" tests="2" failures="0" timestamp="19 Nov 2018 07:41:49 GMT" time="70.268" errors="0">
  <testcase name="verifyMailContents" time="30.422" classname="com.crossover.e2e.e2e"/>
  <testcase name="testSendEmail" time="39.846" classname="com.crossover.e2e.e2e"/>
</testsuite> <!-- com.crossover.e2e.e2e -->
